<?xml version="1.0" encoding="UTF-8"?>
<testng-results ignored="0" total="2" passed="2" failed="0" skipped="0">
  <reporter-output>
  </reporter-output>
  <suite started-at="2018-09-26T11:16:58Z" name="Default suite" finished-at="2018-09-26T11:17:08Z" duration-ms="9377">
    <groups>
    </groups>
    <test started-at="2018-09-26T11:16:58Z" name="Default test" finished-at="2018-09-26T11:17:08Z" duration-ms="9377">
      <class name="tests.FreeCrmTest">
        <test-method is-config="true" signature="setUp()[pri:0, instance:tests.FreeCrmTest@740773a3]" started-at="2018-09-26T11:16:58Z" name="setUp" finished-at="2018-09-26T11:17:07Z" duration-ms="8605" status="PASS">
          <reporter-output>
          </reporter-output>
        </test-method> <!-- setUp -->
        <test-method signature="verifyFreeCrmTitleTest()[pri:1, instance:tests.FreeCrmTest@740773a3]" started-at="2018-09-26T11:17:07Z" name="verifyFreeCrmTitleTest" finished-at="2018-09-26T11:17:07Z" duration-ms="30" status="PASS">
          <reporter-output>
          </reporter-output>
        </test-method> <!-- verifyFreeCrmTitleTest -->
        <test-method signature="logoTest()[pri:2, instance:tests.FreeCrmTest@740773a3]" started-at="2018-09-26T11:17:07Z" name="logoTest" finished-at="2018-09-26T11:17:07Z" duration-ms="61" status="PASS">
          <reporter-output>
          </reporter-output>
        </test-method> <!-- logoTest -->
        <test-method is-config="true" signature="tearDown()[pri:0, instance:tests.FreeCrmTest@740773a3]" started-at="2018-09-26T11:17:07Z" name="tearDown" finished-at="2018-09-26T11:17:08Z" duration-ms="663" status="PASS">
          <reporter-output>
          </reporter-output>
        </test-method> <!-- tearDown -->
      </class> <!-- tests.FreeCrmTest -->
    </test> <!-- Default test -->
  </suite> <!-- Default suite -->
</testng-results>
